0.200  0.0799352  0.1649656  0.0799353 0.0799353 
0.400  0.3196314  0.6661756  0.3196315 0.3196310 
0.600  0.7199077  1.4898895  0.7199079 0.7199098 
0.800  1.2823067  2.6651619  1.2823044 1.2823063 
1.000  1.9983037  4.1861076  1.9982983 1.9982969 
1.200  2.8742998  5.9862404  2.8742944 2.8743160 
1.400  3.9264940  8.1329350  3.9264793 3.9264829 
1.600  5.1148525  10.6622074  5.1148280 5.1148507 
1.800  6.4675865  13.5439519  6.4675863 6.4675379 
2.000  8.0080793  16.4736939  8.0081139 8.0080997 
2.200  9.7005765  20.1309205  9.7004967 9.7006617 
2.400  11.4724238  23.8121539  11.4724415 11.4723435 
2.600  13.5155788  27.7320107  13.5155295 13.5155816 
2.800  15.7129918  32.2443069  15.7129691 15.7129619 
3.000  17.9936854  36.6581784  17.9937035 17.9934382 
3.200  20.4613802  42.9767180  20.4611529 20.4614258 
3.400  23.1643180  48.4799762  23.1642600 23.1645128 
3.600  25.8998109  54.6778424  25.8992264 25.9008203 
3.800  28.7283827  59.8797537  28.7279827 28.7283107 
4.000  32.2962939  66.1844430  32.2961301 32.2963358 
4.200  35.4070251  73.7529437  35.4062507 35.4085905 
4.400  38.5605875  79.9893320  38.5601636 38.5614481 
4.600  42.2950431  88.6906610  42.2946329 42.2954462 
4.800  45.9194474  96.4993913  45.9185408 45.9203203 
5.000  50.0875610  103.7663659  50.0861543 50.0888716 
