0.200  0.0055456  0.0288582  0.0055457 0.0055461 
0.400  0.0228182  0.1165644  0.0228179 0.0228181 
0.600  0.0492648  0.2525175  0.0492644 0.0492667 
0.800  0.0908638  0.4791488  0.0908660 0.0908556 
1.000  0.1299756  0.7981893  0.1299716 0.1299938 
1.200  0.1875196  1.0149459  0.1875215 0.1875269 
1.400  0.2619009  1.4753843  0.2618925 0.2619013 
1.600  0.3572433  1.9482732  0.3572364 0.3573489 
1.800  0.4829362  2.2930362  0.4829985 0.4828912 
2.000  0.5191407  2.7901953  0.5191820 0.5191101 
2.200  0.6403193  3.5645021  0.6403087 0.6402709 
2.400  0.8214654  4.2418518  0.8215121 0.8212911 
2.600  0.9565653  4.3716962  0.9564461 0.9567527 
2.800  1.0936784  5.4124838  1.0937909 1.0934229 
3.000  1.1968174  6.0874851  1.1966773 1.1969822 
3.200  1.3291853  7.9323169  1.3292339 1.3298880 
3.400  1.5560060  8.2404608  1.5559864 1.5563633 
3.600  1.7583374  10.0843644  1.7585001 1.7591195 
3.800  1.9109355  10.4598490  1.9111801 1.9105914 
4.000  2.0719317  11.4525937  2.0725693 2.0711476 
4.200  2.4296415  13.1628187  2.4290129 2.4308658 
4.400  2.5917527  14.2397388  2.5916194 2.5923377 
4.600  2.7596372  15.1528725  2.7594106 2.7597692 
4.800  3.1238618  17.4702854  3.1237108 3.1246335 
5.000  3.4357784  18.1797896  3.4356710 3.4387055 
