0.200  50.0328838  103.3788742  50.0312562 
0.400  45.9807126  96.8547159  45.9798785 
0.600  42.2606875  88.7813715  42.2604347 
0.800  38.5966480  79.7560328  38.5962909 
1.000  35.3285412  73.7360289  35.3275997 
1.200  32.3027796  66.0596180  32.3026824 
1.400  28.7769776  60.0794566  28.7764943 
1.600  25.8648285  54.6538771  25.8643353 
1.800  23.1386197  48.4021041  23.1384834 
2.000  20.4871456  43.0962541  20.4869304 
2.200  17.9923652  36.8059730  17.9924096 
2.400  15.7167668  32.0484875  15.7167145 
2.600  13.5148673  27.7660903  13.5148463 
2.800  11.4866484  23.7185082  11.4866573 
3.000  9.6792096  20.1814665  9.6791247 
3.200  8.0151600  16.5428173  8.0151906 
3.400  6.4812681  13.4511642  6.4812666 
3.600  5.1045716  10.7062938  5.1045540 
3.800  3.9256090  8.1430154  3.9255948 
4.000  2.8765587  5.9884335  2.8765451 
4.200  1.9967755  4.1656179  1.9967705 
4.400  1.2836912  2.6716302  1.2836893 
4.600  0.7182266  1.4972027  0.7182257 
4.800  0.3199653  0.6647378  0.3199659 
5.000  0.0803254  0.1647163  0.0803254 
