0.200  0.0799082  0.1197942 
0.400  0.3197709  0.4794252 
0.600  0.7202460  1.0808141 
0.800  1.2815486  1.9199194 
1.000  1.9990710  2.9975945 
1.200  2.8732371  4.3224565 
1.400  3.9290264  5.8968313 
1.600  5.1138811  7.6789566 
1.800  6.4622532  9.6964001 
2.000  8.0118562  12.0113584 
2.200  9.7024854  14.5375430 
2.400  11.4703112  17.2364317 
2.600  13.5242073  20.2964736 
2.800  15.7049904  23.5809641 
3.000  17.9953295  26.9537793 
3.200  20.4536595  30.7023300 
3.400  23.1819731  34.7621537 
3.600  25.9143895  38.9186820 
3.800  28.7094467  43.0271936 
4.000  32.2670486  48.2996620 
4.200  35.4109405  52.9604617 
4.400  38.5807753  57.9019811 
4.600  42.3122710  63.4536839 
4.800  45.8981552  68.9767662 
5.000  50.0883274  75.1078665 
