0.200  3.4609288  17.7075336  3.4607630 
0.400  3.0822355  17.6663010  3.0820172 
0.600  2.7596789  15.2494759  2.7594298 
0.800  2.6226399  13.8278034  2.6228313 
1.000  2.3680007  13.5134398  2.3673072 
1.200  2.1053611  11.3934289  2.1060190 
1.400  1.9269093  10.4456432  1.9269650 
1.600  1.7850921  10.1061292  1.7852610 
1.800  1.4973025  8.2188125  1.4973386 
2.000  1.3536879  7.9763894  1.3536884 
2.200  1.2050609  6.1826934  1.2049794 
2.400  1.0887506  5.3190003  1.0888259 
2.600  0.9498088  4.3925974  0.9497263 
2.800  0.8254871  4.1779172  0.8254832 
3.000  0.6407358  3.5773624  0.6407299 
3.200  0.5188710  2.8346201  0.5189051 
3.400  0.4820936  2.2627652  0.4821567 
3.600  0.3467119  1.9487214  0.3467048 
3.800  0.2706827  1.4769491  0.2706802 
4.000  0.1866878  1.0242038  0.1866870 
4.200  0.1299310  0.7911580  0.1299284 
4.400  0.0899347  0.4819488  0.0899362 
4.600  0.0496448  0.2537292  0.0496447 
4.800  0.0224177  0.1171325  0.0224174 
5.000  0.0055865  0.0284515  0.0055864 
